<?xml version="1.0" encoding="UTF-8"?>
<!-- Generated by org.testng.reporters.JUnitXMLReporter -->
<testsuite ignored="0" hostname="SWARANAY-IN" failures="0" tests="5" name="Test" time="16.555" errors="0" timestamp="2021-06-20T00:48:07 IST">
  <testcase classname="GrpIDPkg.E2E.Test4_JenkinParams" name="method4" time="0.023"/>
  <testcase classname="GrpIDPkg.E2E.Test3_Assertions" name="method3" time="10.094"/>
  <testcase classname="GrpIDPkg.E2E.Test2_DataProvAnnotations" name="basicVeryBasic2" time="10.56"/>
  <testcase classname="GrpIDPkg.E2E.Test1_Google" name="basicVeryBasic" time="13.925"/>
  <testcase classname="GrpIDPkg.E2E.Test2_DataProvAnnotations" name="basicVeryBasic2" time="5.941"/>
</testsuite> <!-- Test -->
