<?xml version="1.0" encoding="UTF-8"?>
<!-- Generated by org.testng.reporters.JUnitXMLReporter -->
<testsuite ignored="0" hostname="SWARANAY-IN" failures="0" tests="8" name="Test" time="95.783" errors="0" timestamp="2021-06-29T12:29:01 IST">
  <testcase classname="GrpIDPkg.E2E.Test4_JenkinParams" name="method4" time="0.013"/>
  <testcase classname="GrpIDPkg.E2E.Test1_Google" name="basicVeryBasic" time="10.509"/>
  <testcase classname="GrpIDPkg.E2E.Test2_DataProvAnnotations" name="basicVeryBasic2" time="8.128"/>
  <testcase classname="GrpIDPkg.E2E.Test2_DataProvAnnotations" name="basicVeryBasic2" time="7.746"/>
  <testcase classname="GrpIDPkg.E2E.Test3_Assertions" name="validatePracticePath" time="0.04"/>
  <testcase classname="GrpIDPkg.E2E.Test3_Assertions" name="validateSampleString" time="0.023"/>
  <testcase classname="GrpIDPkg.E2E.Test5_GroupIndex_FindElements_Exceptions" name="method5" time="31.084"/>
  <testcase classname="GrpIDPkg.E2E.Test6_LinksAndBrokenLinks" name="validateSampleString" time="11.822"/>
</testsuite> <!-- Test -->
