<?xml version="1.0" encoding="UTF-8"?>
<!-- Generated by org.testng.reporters.JUnitXMLReporter -->
<testsuite hostname="SWARANAY-IN" ignored="0" name="Test" tests="5" failures="0" timestamp="21 Jun 2021 17:35:08 GMT" time="45.622" errors="0">
  <testcase name="method4" time="0.013" classname="GrpIDPkg.E2E.Test4_JenkinParams"/>
  <testcase name="basicVeryBasic" time="11.424" classname="GrpIDPkg.E2E.Test1_Google"/>
  <testcase name="basicVeryBasic2" time="16.717" classname="GrpIDPkg.E2E.Test2_DataProvAnnotations"/>
  <testcase name="basicVeryBasic2" time="7.089" classname="GrpIDPkg.E2E.Test2_DataProvAnnotations"/>
  <testcase name="method3" time="6.183" classname="GrpIDPkg.E2E.Test3_Assertions"/>
</testsuite> <!-- Test -->
