<?xml version="1.0" encoding="UTF-8"?>
<!-- Generated by org.testng.reporters.JUnitXMLReporter -->
<testsuite hostname="SWARANAY-IN" ignored="2" name="Test" tests="1" failures="1" timestamp="27 Jun 2021 11:21:29 GMT" time="10.469" errors="0">
  <testcase name="validatePracticePath" time="0.107" classname="GrpIDPkg.E2E.Test3_Assertions">
    <failure type="java.lang.AssertionError" message="expected [false] but found [true]">
      <![CDATA[java.lang.AssertionError: expected [false] but found [true]
at GrpIDPkg.E2E.Test3_Assertions.validatePracticePath(Test3_Assertions.java:37)
... Removed 33 stack frames]]>
    </failure>
  </testcase> <!-- validatePracticePath -->
  <testcase name="method4" time="0.0" classname="GrpIDPkg.E2E.Test4_JenkinParams">
    <ignored/>
  </testcase> <!-- method4 -->
  <testcase name="validateSampleString" time="0.0" classname="GrpIDPkg.E2E.Test3_Assertions">
    <ignored/>
  </testcase> <!-- validateSampleString -->
</testsuite> <!-- Test -->
