<?xml version="1.0" encoding="UTF-8"?>
<testng-results skipped="0" failed="0" ignored="0" total="5" passed="5">
  <reporter-output>
  </reporter-output>
  <suite name="Suite" duration-ms="45622" started-at="2021-06-21T17:34:22Z" finished-at="2021-06-21T17:35:08Z">
    <groups>
    </groups>
    <test name="Test" duration-ms="45622" started-at="2021-06-21T17:34:22Z" finished-at="2021-06-21T17:35:08Z">
      <class name="GrpIDPkg.E2E.Test2_DataProvAnnotations">
        <test-method status="PASS" signature="basicVeryBasic2(java.lang.String, java.lang.String, java.lang.String)[pri:0, instance:GrpIDPkg.E2E.Test2_DataProvAnnotations@32910148]" name="basicVeryBasic2" duration-ms="16717" started-at="2021-06-21T17:34:33Z" data-provider="getData" finished-at="2021-06-21T17:34:50Z">
          <params>
            <param index="0">
              <value>
                <![CDATA[user1]]>
              </value>
            </param>
            <param index="1">
              <value>
                <![CDATA[pwd1]]>
              </value>
            </param>
            <param index="2">
              <value>
                <![CDATA[text1]]>
              </value>
            </param>
          </params>
          <reporter-output>
          </reporter-output>
        </test-method> <!-- basicVeryBasic2 -->
        <test-method status="PASS" signature="basicVeryBasic2(java.lang.String, java.lang.String, java.lang.String)[pri:0, instance:GrpIDPkg.E2E.Test2_DataProvAnnotations@32910148]" name="basicVeryBasic2" duration-ms="7089" started-at="2021-06-21T17:34:50Z" data-provider="getData" finished-at="2021-06-21T17:34:57Z">
          <params>
            <param index="0">
              <value>
                <![CDATA[user2]]>
              </value>
            </param>
            <param index="1">
              <value>
                <![CDATA[pwd2]]>
              </value>
            </param>
            <param index="2">
              <value>
                <![CDATA[text2]]>
              </value>
            </param>
          </params>
          <reporter-output>
          </reporter-output>
        </test-method> <!-- basicVeryBasic2 -->
      </class> <!-- GrpIDPkg.E2E.Test2_DataProvAnnotations -->
      <class name="GrpIDPkg.E2E.Test1_Google">
        <test-method status="PASS" signature="basicVeryBasic()[pri:0, instance:GrpIDPkg.E2E.Test1_Google@672872e1]" name="basicVeryBasic" duration-ms="11424" started-at="2021-06-21T17:34:22Z" finished-at="2021-06-21T17:34:33Z">
          <reporter-output>
          </reporter-output>
        </test-method> <!-- basicVeryBasic -->
      </class> <!-- GrpIDPkg.E2E.Test1_Google -->
      <class name="GrpIDPkg.E2E.Test4_JenkinParams">
        <test-method status="PASS" signature="method4()[pri:0, instance:GrpIDPkg.E2E.Test4_JenkinParams@fa36558]" name="method4" duration-ms="13" started-at="2021-06-21T17:34:22Z" finished-at="2021-06-21T17:34:22Z">
          <reporter-output>
          </reporter-output>
        </test-method> <!-- method4 -->
      </class> <!-- GrpIDPkg.E2E.Test4_JenkinParams -->
      <class name="GrpIDPkg.E2E.Test3_Assertions">
        <test-method status="PASS" signature="method3()[pri:0, instance:GrpIDPkg.E2E.Test3_Assertions@3f56875e]" name="method3" duration-ms="6183" started-at="2021-06-21T17:34:57Z" finished-at="2021-06-21T17:35:03Z">
          <reporter-output>
          </reporter-output>
        </test-method> <!-- method3 -->
        <test-method status="PASS" signature="method3b()[pri:0, instance:GrpIDPkg.E2E.Test3_Assertions@3f56875e]" name="method3b" is-config="true" duration-ms="4143" started-at="2021-06-21T17:35:03Z" finished-at="2021-06-21T17:35:08Z">
          <reporter-output>
          </reporter-output>
        </test-method> <!-- method3b -->
      </class> <!-- GrpIDPkg.E2E.Test3_Assertions -->
    </test> <!-- Test -->
  </suite> <!-- Suite -->
</testng-results>
