<?xml version="1.0" encoding="UTF-8"?>
<testng-results ignored="0" total="1" passed="1" failed="0" skipped="0">
  <reporter-output>
  </reporter-output>
  <suite started-at="2021-06-27T01:53:38 IST" name="Default suite" finished-at="2021-06-27T01:54:13 IST" duration-ms="34903">
    <groups>
    </groups>
    <test started-at="2021-06-27T01:53:38 IST" name="Default test" finished-at="2021-06-27T01:54:13 IST" duration-ms="34903">
      <class name="GrpIDPkg.E2E.Test5_GroupIndex_FindElements_Exceptions">
        <test-method signature="method5()[pri:0, instance:GrpIDPkg.E2E.Test5_GroupIndex_FindElements_Exceptions@77167fb7]" started-at="2021-06-27T01:53:38 IST" name="method5" finished-at="2021-06-27T01:54:09 IST" duration-ms="30707" status="PASS">
          <reporter-output>
          </reporter-output>
        </test-method> <!-- method5 -->
        <test-method is-config="true" signature="method5_b()[pri:0, instance:GrpIDPkg.E2E.Test5_GroupIndex_FindElements_Exceptions@77167fb7]" started-at="2021-06-27T01:54:09 IST" name="method5_b" finished-at="2021-06-27T01:54:13 IST" duration-ms="4154" status="PASS">
          <reporter-output>
          </reporter-output>
        </test-method> <!-- method5_b -->
      </class> <!-- GrpIDPkg.E2E.Test5_GroupIndex_FindElements_Exceptions -->
    </test> <!-- Default test -->
  </suite> <!-- Default suite -->
</testng-results>
